<?xml version="1.0" encoding="UTF-8"?>
<testsuite xmlns:xsi="http://www.w3.org/2001/XMLSchema-instance" xsi:noNamespaceSchemaLocation="https://maven.apache.org/surefire/maven-surefire-plugin/xsd/surefire-test-report-3.0.xsd" version="3.0" name="TestSuite" time="164.498" tests="7" errors="0" skipped="0" failures="7">
  <properties>
[...]
</properties>
  <testcase name="loginDDT[mngr164225, jahetAp](1)" classname="com.projectRAK.testCases.TC_LoginDDT_002" time="13.488">
    <failure message="expected [true] but found [false]" type="java.lang.AssertionError"><![CDATA[java.lang.AssertionError: expected [true] but found [false]
	at com.projectRAK.testCases.TC_LoginDDT_002.loginDDT(TC_LoginDDT_002.java:31)
]]></failure>
    <system-out><![CDATA[ INFO [main] (TC_LoginDDT_002.java:20)- user name provided
 INFO [main] (TC_LoginDDT_002.java:22)- password provided
]]></system-out>
    <system-err><![CDATA[Starting ChromeDriver 97.0.4692.71 (adefa7837d02a07a604c1e6eff0b3a09422ab88d-refs/branch-heads/4692@{#1247}) on port 2860
Only local connections are allowed.
Please see https://chromedriver.chromium.org/security-considerations for suggestions on keeping ChromeDriver safe.
ChromeDriver was started successfully.
[1645009606.001][WARNING]: This version of ChromeDriver has not been tested with Chrome version 98.
Feb 16, 2022 4:36:46 PM org.openqa.selenium.remote.ProtocolHandshake createSession
INFO: Detected dialect: W3C
]]></system-err>
  </testcase>
  <testcase name="loginDDT[mngr83460, qAbUzyj](2)" classname="com.projectRAK.testCases.TC_LoginDDT_002" time="16.636">
    <failure message="expected [true] but found [false]" type="java.lang.AssertionError"><![CDATA[java.lang.AssertionError: expected [true] but found [false]
	at com.projectRAK.testCases.TC_LoginDDT_002.loginDDT(TC_LoginDDT_002.java:31)
]]></failure>
    <system-out><![CDATA[ INFO [main] (TC_LoginDDT_002.java:20)- user name provided
 INFO [main] (TC_LoginDDT_002.java:22)- password provided
]]></system-out>
  </testcase>
  <testcase name="loginDDT[mngr137319, bAdYvyb](3)" classname="com.projectRAK.testCases.TC_LoginDDT_002" time="18.69">
    <failure message="expected [true] but found [false]" type="java.lang.AssertionError"><![CDATA[java.lang.AssertionError: expected [true] but found [false]
	at com.projectRAK.testCases.TC_LoginDDT_002.loginDDT(TC_LoginDDT_002.java:31)
]]></failure>
    <system-out><![CDATA[ INFO [main] (TC_LoginDDT_002.java:20)- user name provided
 INFO [main] (TC_LoginDDT_002.java:22)- password provided
]]></system-out>
  </testcase>
  <testcase name="loginDDT[mngr164225, jahetAp](4)" classname="com.projectRAK.testCases.TC_LoginDDT_002" time="17.033">
    <failure message="expected [true] but found [false]" type="java.lang.AssertionError"><![CDATA[java.lang.AssertionError: expected [true] but found [false]
	at com.projectRAK.testCases.TC_LoginDDT_002.loginDDT(TC_LoginDDT_002.java:31)
]]></failure>
    <system-out><![CDATA[ INFO [main] (TC_LoginDDT_002.java:20)- user name provided
 INFO [main] (TC_LoginDDT_002.java:22)- password provided
]]></system-out>
  </testcase>
  <testcase name="loginDDT[mngr112909, tytUreg](5)" classname="com.projectRAK.testCases.TC_LoginDDT_002" time="15.637">
    <failure message="expected [true] but found [false]" type="java.lang.AssertionError"><![CDATA[java.lang.AssertionError: expected [true] but found [false]
	at com.projectRAK.testCases.TC_LoginDDT_002.loginDDT(TC_LoginDDT_002.java:31)
]]></failure>
    <system-out><![CDATA[ INFO [main] (TC_LoginDDT_002.java:20)- user name provided
 INFO [main] (TC_LoginDDT_002.java:22)- password provided
]]></system-out>
  </testcase>
  <testcase name="loginDDT[mngr379751, nEsEpUg](6)" classname="com.projectRAK.testCases.TC_LoginDDT_002" time="29.583">
    <failure message="expected [true] but found [false]" type="java.lang.AssertionError"><![CDATA[java.lang.AssertionError: expected [true] but found [false]
	at com.projectRAK.testCases.TC_LoginDDT_002.loginDDT(TC_LoginDDT_002.java:31)
]]></failure>
    <system-out><![CDATA[ INFO [main] (TC_LoginDDT_002.java:20)- user name provided
 INFO [main] (TC_LoginDDT_002.java:22)- password provided
]]></system-out>
  </testcase>
  <testcase name="login" classname="com.projectRAK.testCases.Loginrak" time="6.586">
    <failure message="session not created: This version of ChromeDriver only supports Chrome version 96&#10;Current browser version is 98.0.4758.102 with binary path C:\Program Files\Google\Chrome\Application\chrome.exe&#10;Build info: version: &apos;3.14.0&apos;, revision: &apos;aacccce0&apos;, time: &apos;2018-08-02T20:19:58.91Z&apos;&#10;System info: host: &apos;AJEET&apos;, ip: &apos;192.168.1.100&apos;, os.name: &apos;Windows 8.1&apos;, os.arch: &apos;amd64&apos;, os.version: &apos;6.3&apos;, java.version: &apos;1.8.0_281&apos;&#10;Driver info: driver.version: ChromeDriver&#10;remote stacktrace: Backtrace:&#10;	Ordinal0 [0x01346903+2517251]&#10;	Ordinal0 [0x012DF8E1+2095329]&#10;	Ordinal0 [0x011E2848+1058888]&#10;	Ordinal0 [0x01200B9D+1182621]&#10;	Ordinal0 [0x011FCA60+1165920]&#10;	Ordinal0 [0x011FA2CF+1155791]&#10;	Ordinal0 [0x0122AAAF+1354415]&#10;	Ordinal0 [0x0122A71A+1353498]&#10;	Ordinal0 [0x0122639B+1336219]&#10;	Ordinal0 [0x012027A7+1189799]&#10;	Ordinal0 [0x01203609+1193481]&#10;	GetHandleVerifier [0x014D5904+1577972]&#10;	GetHandleVerifier [0x01580B97+2279047]&#10;	GetHandleVerifier [0x013D6D09+534521]&#10;	GetHandleVerifier [0x013D5DB9+530601]&#10;	Ordinal0 [0x012E4FF9+2117625]&#10;	Ordinal0 [0x012E98A8+2136232]&#10;	Ordinal0 [0x012E99E2+2136546]&#10;	Ordinal0 [0x012F3541+2176321]&#10;	BaseThreadInitThunk [0x77176A14+36]&#10;	RtlInitializeExceptionChain [0x77CDA9EF+143]&#10;	RtlInitializeExceptionChain [0x77CDA9BA+90]&#10;" type="org.openqa.selenium.SessionNotCreatedException"><![CDATA[org.openqa.selenium.SessionNotCreatedException: 
session not created: This version of ChromeDriver only supports Chrome version 96
Current browser version is 98.0.4758.102 with binary path C:\Program Files\Google\Chrome\Application\chrome.exe
Build info: version: '3.14.0', revision: 'aacccce0', time: '2018-08-02T20:19:58.91Z'
System info: host: 'AJEET', ip: '192.168.1.100', os.name: 'Windows 8.1', os.arch: 'amd64', os.version: '6.3', java.version: '1.8.0_281'
Driver info: driver.version: ChromeDriver
remote stacktrace: Backtrace:
	Ordinal0 [0x01346903+2517251]
	Ordinal0 [0x012DF8E1+2095329]
	Ordinal0 [0x011E2848+1058888]
	Ordinal0 [0x01200B9D+1182621]
	Ordinal0 [0x011FCA60+1165920]
	Ordinal0 [0x011FA2CF+1155791]
	Ordinal0 [0x0122AAAF+1354415]
	Ordinal0 [0x0122A71A+1353498]
	Ordinal0 [0x0122639B+1336219]
	Ordinal0 [0x012027A7+1189799]
	Ordinal0 [0x01203609+1193481]
	GetHandleVerifier [0x014D5904+1577972]
	GetHandleVerifier [0x01580B97+2279047]
	GetHandleVerifier [0x013D6D09+534521]
	GetHandleVerifier [0x013D5DB9+530601]
	Ordinal0 [0x012E4FF9+2117625]
	Ordinal0 [0x012E98A8+2136232]
	Ordinal0 [0x012E99E2+2136546]
	Ordinal0 [0x012F3541+2176321]
	BaseThreadInitThunk [0x77176A14+36]
	RtlInitializeExceptionChain [0x77CDA9EF+143]
	RtlInitializeExceptionChain [0x77CDA9BA+90]

	at com.projectRAK.testCases.Loginrak.login(Loginrak.java:17)
]]></failure>
    <system-err><![CDATA[Starting ChromeDriver 96.0.4664.45 (76e4c1bb2ab4671b8beba3444e61c0f17584b2fc-refs/branch-heads/4664@{#947}) on port 1045
Only local connections are allowed.
Please see https://chromedriver.chromium.org/security-considerations for suggestions on keeping ChromeDriver safe.
ChromeDriver was started successfully.
]]></system-err>
  </testcase>
</testsuite>